[6316] debug @0.031451> [hit #1]
		-----ACCES REQUEST INIT-----
		TIME:	10/9/114  -  16:8:43
		IP:	179.197.134.3
		Client: MAP API Javascript client 0.1
		Request METHOD:	POST
		Request URL:	/auth.json
		Response TIME:	10:9/114 16:8:43
		Response STATUS:	200
		Response TYPE:	application/json
		-----ACCES REQUEST END------
		
		 in /opt/MAP-API/lib/MAP/API.pm l. 75
[6316] debug @0.016951> [hit #2]
		-----ACCES REQUEST INIT-----
		TIME:	10/9/114  -  16:8:45
		IP:	207.238.121.195
		Client: Formbuilder services wrapper
		Request METHOD:	GET
		Request URL:	/agency/25.json?columns=agency_id,user_id,agency_name,address_line_1,address_line_2,city,state,zip,country,website,phone,fax,email_id,logo
		Response TIME:	10:9/114 16:8:45
		Response STATUS:	200
		Response TYPE:	application/json
		-----ACCES REQUEST END------
		
		 in /opt/MAP-API/lib/MAP/API.pm l. 75
[6316] debug @0.031043> [hit #3]
		-----ACCES REQUEST INIT-----
		TIME:	10/9/114  -  16:8:47
		IP:	207.238.121.195
		Client: Formbuilder services wrapper
		Request METHOD:	GET
		Request URL:	/agency/25/caseworkers.json?columns=user_id,first_name,last_name
		Response TIME:	10:9/114 16:8:47
		Response STATUS:	200
		Response TYPE:	application/json
		-----ACCES REQUEST END------
		
		 in /opt/MAP-API/lib/MAP/API.pm l. 75
[6316] debug @0.014581> [hit #4]
		-----ACCES REQUEST INIT-----
		TIME:	10/9/114  -  16:8:50
		IP:	207.238.121.195
		Client: Formbuilder services wrapper
		Request METHOD:	GET
		Request URL:	/agencies.json?columns=agency_id,agency_name
		Response TIME:	10:9/114 16:8:50
		Response STATUS:	200
		Response TYPE:	application/json
		-----ACCES REQUEST END------
		
		 in /opt/MAP-API/lib/MAP/API.pm l. 75
[6316] debug @0.334013> [hit #5]
		-----ACCES REQUEST INIT-----
		TIME:	10/9/114  -  16:8:53
		IP:	207.238.121.195
		Client: Formbuilder services wrapper
		Request METHOD:	GET
		Request URL:	/forms.json?columns=form_id,formlabel,formname,formtext,formindex,redirecturl,adminalert,autorespond,tiplocation,display,preview,nomultiple,captcha,key_id,form_agency_id,submissionmsg,displaycolumns,numofrecords,formtype,formdisplaytype,skin,has_json
		Response TIME:	10:9/114 16:8:53
		Response STATUS:	200
		Response TYPE:	application/json
		-----ACCES REQUEST END------
		
		 in /opt/MAP-API/lib/MAP/API.pm l. 75
